###############################################################################
#                                                                             #
# IAR C/C++ Compiler V8.10.3.10338/W32 for 8051         13/Apr/2017  20:58:37 #
# Copyright 2004-2011 IAR Systems AB.                                         #
#                                                                             #
#    Core               =  plain                                              #
#    Code model         =  banked                                             #
#    Data model         =  large                                              #
#    Calling convention =  xdata reentrant                                    #
#    Constant location  =  data_rom                                           #
#    Dptr setup         =  1,16                                               #
#    Source file        =  C:\Users\li\Desktop\ZStack-2.5.1a -                #
#                          副本\Projects\zstack\Samples\SampleApp\Source\Samp #
#                          leApp.c                                            #
#    Command line       =  -f "C:\Users\li\Desktop\ZStack-2.5.1a -            #
#                          副本\Projects\zstack\Samples\SampleApp\CC2530DB\.. #
#                          \..\..\Tools\CC2530DB\f8wEndev.cfg" (-DCPU32MHZ    #
#                          -DROOT=__near_func -DMAC_CFG_TX_DATA_MAX=3         #
#                          -DMAC_CFG_TX_MAX=6 -DMAC_CFG_RX_MAX=3) -f          #
#                          "C:\Users\li\Desktop\ZStack-2.5.1a -               #
#                          副本\Projects\zstack\Samples\SampleApp\CC2530DB\.. #
#                          \..\..\Tools\CC2530DB\f8wConfig.cfg" (-DZIGBEEPRO  #
#                          -DSECURE=0 -DZG_SECURE_DYNAMIC=0 -DREFLECTOR       #
#                          -DDEFAULT_CHANLIST=0x00000800                      #
#                          -DZDAPP_CONFIG_PAN_ID=0xFFF1                       #
#                          -DNWK_START_DELAY=100 -DEXTENDED_JOINING_RANDOM_MA #
#                          SK=0x007F -DBEACON_REQUEST_DELAY=100               #
#                          -DBEACON_REQ_DELAY_MASK=0x00FF                     #
#                          -DLINK_STATUS_JITTER_MASK=0x007F                   #
#                          -DROUTE_EXPIRY_TIME=30 -DAPSC_ACK_WAIT_DURATION_PO #
#                          LLED=3000 -DNWK_INDIRECT_MSG_TIMEOUT=7             #
#                          -DMAX_RREQ_ENTRIES=8 -DAPSC_MAX_FRAME_RETRIES=3    #
#                          -DNWK_MAX_DATA_RETRIES=2                           #
#                          -DMAX_POLL_FAILURE_RETRIES=2 -DMAX_BCAST=9         #
#                          -DAPS_MAX_GROUPS=16 -DMAX_RTG_ENTRIES=40           #
#                          -DNWK_MAX_BINDING_ENTRIES=4                        #
#                          -DMAX_BINDING_CLUSTER_IDS=4 "-DDEFAULT_KEY={0x01,  #
#                          0x03, 0x05, 0x07, 0x09, 0x0B, 0x0D, 0x0F, 0x00,    #
#                          0x02, 0x04, 0x06, 0x08, 0x0A, 0x0C, 0x0D}"         #
#                          -DMAC_MAX_FRAME_SIZE=116                           #
#                          -DZDNWKMGR_MIN_TRANSMISSIONS=20 "-DCONST=const     #
#                          __code" -DGENERIC=__generic                        #
#                          -DRFD_RCVC_ALWAYS_ON=FALSE -DPOLL_RATE=1000        #
#                          -DQUEUED_POLL_RATE=100 -DRESPONSE_POLL_RATE=100)   #
#                          -DREJOIN_POLL_RATE=440 "C:\Users\li\Desktop\ZStack #
#                          -2.5.1a - 副本\Projects\zstack\Samples\SampleApp\S #
#                          ource\SampleApp.c" -D NWK_AUTO_POLL -D ZTOOL_P1    #
#                          -D MT_TASK -D MT_SYS_FUNC -D MT_ZDO_FUNC -D        #
#                          LCD_SUPPORTED=DEBUG -lC "C:\Users\li\Desktop\ZStac #
#                          k-2.5.1a - 副本\Projects\zstack\Samples\SampleApp\ #
#                          CC2530DB\EndDeviceEB\List\" -lA                    #
#                          "C:\Users\li\Desktop\ZStack-2.5.1a -               #
#                          副本\Projects\zstack\Samples\SampleApp\CC2530DB\En #
#                          dDeviceEB\List\" --diag_suppress Pe001,Pa010 -o    #
#                          "C:\Users\li\Desktop\ZStack-2.5.1a -               #
#                          副本\Projects\zstack\Samples\SampleApp\CC2530DB\En #
#                          dDeviceEB\Obj\" -e --no_code_motion --debug        #
#                          --core=plain --dptr=16,1 --data_model=large        #
#                          --code_model=banked --calling_convention=xdata_ree #
#                          ntrant --place_constants=data_rom                  #
#                          --nr_virtual_regs 16 -I "C:\Users\li\Desktop\ZStac #
#                          k-2.5.1a - 副本\Projects\zstack\Samples\SampleApp\ #
#                          CC2530DB\" -I "C:\Users\li\Desktop\ZStack-2.5.1a   #
#                          - 副本\Projects\zstack\Samples\SampleApp\CC2530DB\ #
#                          ..\Source\" -I "C:\Users\li\Desktop\ZStack-2.5.1a  #
#                          - 副本\Projects\zstack\Samples\SampleApp\CC2530DB\ #
#                          ..\..\..\ZMain\TI2530DB\" -I                       #
#                          "C:\Users\li\Desktop\ZStack-2.5.1a -               #
#                          副本\Projects\zstack\Samples\SampleApp\CC2530DB\.. #
#                          \..\..\..\..\Components\hal\include\" -I           #
#                          "C:\Users\li\Desktop\ZStack-2.5.1a -               #
#                          副本\Projects\zstack\Samples\SampleApp\CC2530DB\.. #
#                          \..\..\..\..\Components\hal\target\CC2530EB\" -I   #
#                          "C:\Users\li\Desktop\ZStack-2.5.1a -               #
#                          副本\Projects\zstack\Samples\SampleApp\CC2530DB\.. #
#                          \..\..\..\..\Components\mac\include\" -I           #
#                          "C:\Users\li\Desktop\ZStack-2.5.1a -               #
#                          副本\Projects\zstack\Samples\SampleApp\CC2530DB\.. #
#                          \..\..\..\..\Components\mac\high_level\" -I        #
#                          "C:\Users\li\Desktop\ZStack-2.5.1a -               #
#                          副本\Projects\zstack\Samples\SampleApp\CC2530DB\.. #
#                          \..\..\..\..\Components\mac\low_level\srf04\" -I   #
#                          "C:\Users\li\Desktop\ZStack-2.5.1a -               #
#                          副本\Projects\zstack\Samples\SampleApp\CC2530DB\.. #
#                          \..\..\..\..\Components\mac\low_level\srf04\single #
#                          _chip\" -I "C:\Users\li\Desktop\ZStack-2.5.1a -    #
#                          副本\Projects\zstack\Samples\SampleApp\CC2530DB\.. #
#                          \..\..\..\..\Components\mt\" -I                    #
#                          "C:\Users\li\Desktop\ZStack-2.5.1a -               #
#                          副本\Projects\zstack\Samples\SampleApp\CC2530DB\.. #
#                          \..\..\..\..\Components\osal\include\" -I          #
#                          "C:\Users\li\Desktop\ZStack-2.5.1a -               #
#                          副本\Projects\zstack\Samples\SampleApp\CC2530DB\.. #
#                          \..\..\..\..\Components\services\saddr\" -I        #
#                          "C:\Users\li\Desktop\ZStack-2.5.1a -               #
#                          副本\Projects\zstack\Samples\SampleApp\CC2530DB\.. #
#                          \..\..\..\..\Components\services\sdata\" -I        #
#                          "C:\Users\li\Desktop\ZStack-2.5.1a -               #
#                          副本\Projects\zstack\Samples\SampleApp\CC2530DB\.. #
#                          \..\..\..\..\Components\stack\af\" -I              #
#                          "C:\Users\li\Desktop\ZStack-2.5.1a -               #
#                          副本\Projects\zstack\Samples\SampleApp\CC2530DB\.. #
#                          \..\..\..\..\Components\stack\nwk\" -I             #
#                          "C:\Users\li\Desktop\ZStack-2.5.1a -               #
#                          副本\Projects\zstack\Samples\SampleApp\CC2530DB\.. #
#                          \..\..\..\..\Components\stack\sapi\" -I            #
#                          "C:\Users\li\Desktop\ZStack-2.5.1a -               #
#                          副本\Projects\zstack\Samples\SampleApp\CC2530DB\.. #
#                          \..\..\..\..\Components\stack\sec\" -I             #
#                          "C:\Users\li\Desktop\ZStack-2.5.1a -               #
#                          副本\Projects\zstack\Samples\SampleApp\CC2530DB\.. #
#                          \..\..\..\..\Components\stack\sys\" -I             #
#                          "C:\Users\li\Desktop\ZStack-2.5.1a -               #
#                          副本\Projects\zstack\Samples\SampleApp\CC2530DB\.. #
#                          \..\..\..\..\Components\stack\zdo\" -I             #
#                          "C:\Users\li\Desktop\ZStack-2.5.1a -               #
#                          副本\Projects\zstack\Samples\SampleApp\CC2530DB\.. #
#                          \..\..\..\..\Components\zmac\" -I                  #
#                          "C:\Users\li\Desktop\ZStack-2.5.1a -               #
#                          副本\Projects\zstack\Samples\SampleApp\CC2530DB\.. #
#                          \..\..\..\..\Components\zmac\f8w\" -Ohz            #
#                          --require_prototypes                               #
#    List file          =  C:\Users\li\Desktop\ZStack-2.5.1a -                #
#                          副本\Projects\zstack\Samples\SampleApp\CC2530DB\En #
#                          dDeviceEB\List\SampleApp.lst                       #
#    Object file        =  C:\Users\li\Desktop\ZStack-2.5.1a -                #
#                          副本\Projects\zstack\Samples\SampleApp\CC2530DB\En #
#                          dDeviceEB\Obj\SampleApp.r51                        #
#                                                                             #
#                                                                             #
###############################################################################

C:\Users\li\Desktop\ZStack-2.5.1a - 副本\Projects\zstack\Samples\SampleApp\Source\SampleApp.c
      1          /**************************************************************************************************
      2            Filename:       SampleApp.c
      3            Revised:        $Date: 2009-03-18 15:56:27 -0700 (Wed, 18 Mar 2009) $
      4            Revision:       $Revision: 19453 $
      5          
      6            Description:    Sample Application (no Profile).
      7          
      8          
      9            Copyright 2007 Texas Instruments Incorporated. All rights reserved.
     10          
     11            IMPORTANT: Your use of this Software is limited to those specific rights
     12            granted under the terms of a software license agreement between the user
     13            who downloaded the software, his/her employer (which must be your employer)
     14            and Texas Instruments Incorporated (the "License").  You may not use this
     15            Software unless you agree to abide by the terms of the License. The License
     16            limits your use, and you acknowledge, that the Software may not be modified,
     17            copied or distributed unless embedded on a Texas Instruments microcontroller
     18            or used solely and exclusively in conjunction with a Texas Instruments radio
     19            frequency transceiver, which is integrated into your product.  Other than for
     20            the foregoing purpose, you may not use, reproduce, copy, prepare derivative
     21            works of, modify, distribute, perform, display or sell this Software and/or
     22            its documentation for any purpose.
     23          
     24            YOU FURTHER ACKNOWLEDGE AND AGREE THAT THE SOFTWARE AND DOCUMENTATION ARE
     25            PROVIDED AS IS?WITHOUT WARRANTY OF ANY KIND, EITHER EXPRESS OR IMPLIED,
     26            INCLUDING WITHOUT LIMITATION, ANY WARRANTY OF MERCHANTABILITY, TITLE,
     27            NON-INFRINGEMENT AND FITNESS FOR A PARTICULAR PURPOSE. IN NO EVENT SHALL
     28            TEXAS INSTRUMENTS OR ITS LICENSORS BE LIABLE OR OBLIGATED UNDER CONTRACT,
     29            NEGLIGENCE, STRICT LIABILITY, CONTRIBUTION, BREACH OF WARRANTY, OR OTHER
     30            LEGAL EQUITABLE THEORY ANY DIRECT OR INDIRECT DAMAGES OR EXPENSES
     31            INCLUDING BUT NOT LIMITED TO ANY INCIDENTAL, SPECIAL, INDIRECT, PUNITIVE
     32            OR CONSEQUENTIAL DAMAGES, LOST PROFITS OR LOST DATA, COST OF PROCUREMENT
     33            OF SUBSTITUTE GOODS, TECHNOLOGY, SERVICES, OR ANY CLAIMS BY THIRD PARTIES
     34            (INCLUDING BUT NOT LIMITED TO ANY DEFENSE THEREOF), OR OTHER SIMILAR COSTS.
     35          
     36            Should you have any questions regarding your right to use this Software,
     37            contact Texas Instruments Incorporated at www.TI.com.
     38          **************************************************************************************************/
     39          
     40          /*********************************************************************
     41            This application isn't intended to do anything useful, it is
     42            intended to be a simple example of an application's structure.
     43          
     44            This application sends it's messages either as broadcast or
     45            broadcast filtered group messages.  The other (more normal)
     46            message addressing is unicast.  Most of the other sample
     47            applications are written to support the unicast message model.
     48          
     49            Key control:
     50              SW1:  Sends a flash command to all devices in Group 1.
     51              SW2:  Adds/Removes (toggles) this device in and out
     52                    of Group 1.  This will enable and disable the
     53                    reception of the flash command.
     54          *********************************************************************/
     55          
     56          /*********************************************************************
     57           * INCLUDES
     58           */
     59          #include "OSAL.h"
     60          #include "ZGlobals.h"
     61          #include "AF.h"
     62          #include "aps_groups.h"
     63          #include "ZDApp.h"
     64          
     65          #include "SampleApp.h"
     66          #include "SampleAppHw.h"
     67          
     68          #include "OnBoard.h"

   \                                 In  segment SFR_AN, at 0x9e
   \   unsigned char volatile __sfr CLKCONSTA
   \                     CLKCONSTA:
   \   000000                DS 1

   \                                 In  segment SFR_AN, at 0xc6
   \   unsigned char volatile __sfr CLKCONCMD
   \                     CLKCONCMD:
   \   000000                DS 1

   \                                 In  segment SFR_AN, at 0xda
   \   unsigned char volatile __sfr T1CC0L
   \                     T1CC0L:
   \   000000                DS 1

   \                                 In  segment SFR_AN, at 0xdb
   \   unsigned char volatile __sfr T1CC0H
   \                     T1CC0H:
   \   000000                DS 1

   \                                 In  segment SFR_AN, at 0xe4
   \   unsigned char volatile __sfr T1CTL
   \                     T1CTL:
   \   000000                DS 1

   \                                 In  segment SFR_AN, at 0xf1
   \   unsigned char volatile __sfr PERCFG
   \                     PERCFG:
   \   000000                DS 1

   \                                 In  segment SFR_AN, at 0xf3
   \   unsigned char volatile __sfr P0SEL
   \                     P0SEL:
   \   000000                DS 1

   \                                 In  segment SFR_AN, at 0xf5
   \   unsigned char volatile __sfr P2SEL
   \                     P2SEL:
   \   000000                DS 1

   \                                 In  segment SFR_AN, at 0xfd
   \   unsigned char volatile __sfr P0DIR
   \                     P0DIR:
   \   000000                DS 1

   \                                 In  segment SFR_AN, at 0xff
   \   unsigned char volatile __sfr P2DIR
   \                     P2DIR:
   \   000000                DS 1
     69          
     70          /* HAL */
     71          #include "hal_lcd.h"
     72          #include "hal_led.h"
     73          #include "hal_key.h"
     74          #include "MT_UART.h"
     75          #include "MT_APP.h"
     76          #include "MT.h"
     77          #include "stdlib.h"
     78          
     79          /*********************************************************************
     80           * MACROS
     81           */
     82          
     83          /*********************************************************************
     84           * CONSTANTS
     85           */
     86          
     87          /*********************************************************************
     88           * TYPEDEFS
     89           */
     90          
     91          /*********************************************************************
     92           * GLOBAL VARIABLES
     93           */

   \                                 In  segment XDATA_I, align 1, keep-with-next
     94          uint8 AppTitle[] = "ALD2530 LED"; //应用程序名称
   \                     AppTitle:
   \   000000                DS 12
   \   00000C                REQUIRE `?<Initializer for AppTitle>`
   \   00000C                REQUIRE __INIT_XDATA_I
     95          
     96          // This list should be filled with Application specific Cluster IDs.

   \                                 In  segment XDATA_ROM_C, align 1
     97          const cId_t SampleApp_ClusterList[SAMPLEAPP_MAX_CLUSTERS] =
   \                     SampleApp_ClusterList:
   \   000000   0100         DW 1
   \   000002   0200         DW 2
     98          {
     99            SAMPLEAPP_PERIODIC_CLUSTERID,
    100            SAMPLEAPP_FLASH_CLUSTERID
    101          };
    102          

   \                                 In  segment XDATA_ROM_C, align 1
    103          const SimpleDescriptionFormat_t SampleApp_SimpleDesc =
   \                     SampleApp_SimpleDesc:
   \   000000   14           DB 20
   \   000001   080F         DW 3848
   \   000003   0100         DW 1
   \   000005   00           DB 0
   \   000006   02           DB 2
   \   000007   ....         DW SampleApp_ClusterList
   \   000009   02           DB 2
   \   00000A   ....         DW SampleApp_ClusterList
    104          {
    105            SAMPLEAPP_ENDPOINT,              //  int Endpoint;
    106            SAMPLEAPP_PROFID,                //  uint16 AppProfId[2];
    107            SAMPLEAPP_DEVICEID,              //  uint16 AppDeviceId[2];
    108            SAMPLEAPP_DEVICE_VERSION,        //  int   AppDevVer:4;
    109            SAMPLEAPP_FLAGS,                 //  int   AppFlags:4;
    110            SAMPLEAPP_MAX_CLUSTERS,          //  uint8  AppNumInClusters;
    111            (cId_t *)SampleApp_ClusterList,  //  uint8 *pAppInClusterList;
    112            SAMPLEAPP_MAX_CLUSTERS,          //  uint8  AppNumInClusters;
    113            (cId_t *)SampleApp_ClusterList   //  uint8 *pAppInClusterList;
    114          };
    115          
    116          // This is the Endpoint/Interface description.  It is defined here, but
    117          // filled-in in SampleApp_Init().  Another way to go would be to fill
    118          // in the structure here and make it a "const" (in code space).  The
    119          // way it's defined in this sample app it is define in RAM.

   \                                 In  segment XDATA_Z, align 1, keep-with-next
    120          endPointDesc_t SampleApp_epDesc;
   \                     SampleApp_epDesc:
   \   000000                DS 6
   \   000006                REQUIRE __INIT_XDATA_Z
    121          
    122          /*********************************************************************
    123           * EXTERNAL VARIABLES
    124           */
    125          
    126          /*********************************************************************
    127           * EXTERNAL FUNCTIONS
    128           */
    129          
    130          /*********************************************************************
    131           * LOCAL VARIABLES
    132           */

   \                                 In  segment XDATA_Z, align 1, keep-with-next
    133          uint8 SampleApp_TaskID;   // Task ID for internal task/event processing
   \                     SampleApp_TaskID:
   \   000000                DS 1
   \   000001                REQUIRE __INIT_XDATA_Z
    134                                    // This variable will be received when
    135                                    // SampleApp_Init() is called.

   \                                 In  segment XDATA_Z, align 1, keep-with-next
    136          devStates_t SampleApp_NwkState;
   \                     SampleApp_NwkState:
   \   000000                DS 1
   \   000001                REQUIRE __INIT_XDATA_Z
    137          

   \                                 In  segment XDATA_Z, align 1, keep-with-next
    138          uint8 SampleApp_TransID;  // This is the unique message ID (counter)
   \                     SampleApp_TransID:
   \   000000                DS 1
   \   000001                REQUIRE __INIT_XDATA_Z
    139          

   \                                 In  segment XDATA_Z, align 1, keep-with-next
    140          afAddrType_t SampleApp_Periodic_DstAddr;
   \                     SampleApp_Periodic_DstAddr:
   \   000000                DS 12
   \   00000C                REQUIRE __INIT_XDATA_Z

   \                                 In  segment XDATA_Z, align 1, keep-with-next
    141          afAddrType_t SampleApp_Flash_DstAddr;
   \                     SampleApp_Flash_DstAddr:
   \   000000                DS 12
   \   00000C                REQUIRE __INIT_XDATA_Z
    142          

   \                                 In  segment XDATA_Z, align 1, keep-with-next
    143          aps_Group_t SampleApp_Group;
   \                     SampleApp_Group:
   \   000000                DS 18
   \   000012                REQUIRE __INIT_XDATA_Z
    144          

   \                                 In  segment XDATA_Z, align 1, keep-with-next
    145          uint8 SampleAppPeriodicCounter = 0;
   \                     SampleAppPeriodicCounter:
   \   000000                DS 1
   \   000001                REQUIRE __INIT_XDATA_Z

   \                                 In  segment XDATA_Z, align 1, keep-with-next
    146          uint8 SampleAppFlashCounter = 0;
   \                     SampleAppFlashCounter:
   \   000000                DS 1
   \   000001                REQUIRE __INIT_XDATA_Z
    147          
    148          

   \                                 In  segment XDATA_Z, align 1, keep-with-next
    149          int key_flag = 0;
   \                     key_flag:
   \   000000                DS 2
   \   000002                REQUIRE __INIT_XDATA_Z

   \                                 In  segment XDATA_Z, align 1, keep-with-next
    150          int key2_flag = 0;
   \                     key2_flag:
   \   000000                DS 2
   \   000002                REQUIRE __INIT_XDATA_Z

   \                                 In  segment XDATA_I, align 1, keep-with-next
    151          int main_flag = 1;
   \                     main_flag:
   \   000000                DS 2
   \   000002                REQUIRE `?<Initializer for main_flag>`
   \   000002                REQUIRE __INIT_XDATA_I

   \                                 In  segment XDATA_Z, align 1, keep-with-next
    152          int beep_flag = 0;
   \                     beep_flag:
   \   000000                DS 2
   \   000002                REQUIRE __INIT_XDATA_Z
    153          

   \                                 In  segment XDATA_Z, align 1, keep-with-next
    154          int count = 0;
   \                     count:
   \   000000                DS 2
   \   000002                REQUIRE __INIT_XDATA_Z
    155          
    156          
    157          
    158          /*********************************************************************
    159           * LOCAL FUNCTIONS
    160           */
    161          void SampleApp_HandleKeys( uint8 shift, uint8 keys );
    162          void SampleApp_MessageMSGCB( afIncomingMSGPacket_t *pckt );
    163          void SampleApp_SendPeriodicMessage( void );
    164          void SampleApp_SendFlashMessage( uint16 flashTime ,uint16 data);
    165          
    166          
    167          void InitT1(void);
    168          void beep0(void);
    169          void beep1(void);
    170          void beep2(void);
    171          
    172          
    173          //void InitT3(void);
    174          //#pragma vector = T3_VECTOR
    175          //__interrupt void T3_ISR(void); 
    176          
    177          
    178          
    179          
    180          /*********************************************************************
    181           * NETWORK LAYER CALLBACKS
    182           */
    183          
    184          /*********************************************************************
    185           * PUBLIC FUNCTIONS
    186           */
    187          
    188          /*********************************************************************
    189           * @fn      SampleApp_Init
    190           *
    191           * @brief   Initialization function for the Generic App Task.
    192           *          This is called during initialization and should contain
    193           *          any application specific initialization (ie. hardware
    194           *          initialization/setup, table initialization, power up
    195           *          notificaiton ... ).
    196           *
    197           * @param   task_id - the ID assigned by OSAL.  This ID should be
    198           *                    used to send messages and set timers.
    199           *
    200           * @return  none
    201           */
    202          #define BEEP P0_7  //蜂鸣器；
    203          
    204          
    205          
    206          /****************************************************************************
    207          * 名    称: InitLed()
    208          * 功    能: 设置LED灯相应的IO口
    209          * 入口参数: 无
    210          * 出口参数: 无
    211          ****************************************************************************/
    212          
    213          /****************************************************************************
    214          * 名    称: InitT1()
    215          * 功    能: 定时器初始化，TICKSPD 是16 MHz系统不配置时默认是2分频，即16MHz
    216          * 入口参数: 无
    217          * 出口参数: 无
    218          ****************************************************************************/
    219          
    220          

   \                                 In  segment BANKED_CODE, align 1, keep-with-next
    221          void InitT1(void)
   \                     InitT1:
    222          {
   \   000000   C082         PUSH    DPL
   \   000002   C083         PUSH    DPH
   \   000004                ; Saved register size: 2
   \   000004                ; Auto size: 0
    223              CLKCONCMD &= ~0x40;      //设置系统时钟源为32MHZ晶振
   \   000004   53C6BF       ANL     0xc6,#0xbf
    224              while(CLKCONSTA & 0x40); //等待晶振稳定为32M
   \                     ??InitT1_0:
   \   000007   E59E         MOV     A,0x9e
   \   000009   A2E6         MOV     C,0xE0 /* A   */.6
   \   00000B   40FA         JC      ??InitT1_0
    225              CLKCONCMD &= ~0x07;      //设置系统主时钟频率为32MHZ   
   \   00000D   53C6F8       ANL     0xc6,#0xf8
    226              CLKCONCMD |= 0x38;       //时钟速度32 MHz 定时器标记输出设置[5:3]250kHz
   \   000010   43C638       ORL     0xc6,#0x38
    227          
    228              PERCFG |= 0x40;          //定时器1 的IO位置   1:备用位置2 
   \   000013   43F140       ORL     0xf1,#0x40
    229              P2SEL &= ~0x10;          //定时器1优先
   \   000016   53F5EF       ANL     0xf5,#0xef
    230              P2DIR |= 0xC0;           //第1优先级：定时器1通道2-3
   \   000019   43FFC0       ORL     0xff,#0xc0
    231          
    232              P0DIR |= 0x80;           //端口1为输出    
   \   00001C   43FD80       ORL     0xfd,#0x80
    233              P0SEL |= 0x80;           //timer1 通道2映射口P1_0
   \   00001F   43F380       ORL     0xf3,#0x80
    234              
    235              T1CC3H = 0x00;           //20%占空比为200us
   \   000022   9062AD       MOV     DPTR,#0x62ad
   \   000025   E4           CLR     A
   \   000026   F0           MOVX    @DPTR,A
    236              T1CC3L = 0x00;           //修改T1CC2L可调整led的亮度
   \   000027   9062AC       MOV     DPTR,#0x62ac
   \   00002A   F0           MOVX    @DPTR,A
    237              T1CC0H = 0x00;           //1ms的周期时钟,频率为976.516HZ
   \   00002B   75DB00       MOV     0xdb,#0x0
    238              T1CC0L = 0x00; 
   \   00002E   75DA00       MOV     0xda,#0x0
    239              T1CCTL3 = 0x34;          // 模式选择 通道2比较模式
   \   000031   9062A3       MOV     DPTR,#0x62a3
   \   000034   7434         MOV     A,#0x34
   \   000036   F0           MOVX    @DPTR,A
    240              T1CTL |= 0x03;            //250KHz 1分频
   \   000037   43E403       ORL     0xe4,#0x3
    241            
    242          }
   \   00003A   D083         POP     DPH
   \   00003C   D082         POP     DPL
   \   00003E   02....       LJMP    ?BRET
   \   000041                REQUIRE CLKCONCMD
   \   000041                REQUIRE CLKCONSTA
   \   000041                REQUIRE PERCFG
   \   000041                REQUIRE P2SEL
   \   000041                REQUIRE P2DIR
   \   000041                REQUIRE P0DIR
   \   000041                REQUIRE P0SEL
   \   000041                REQUIRE T1CC0H
   \   000041                REQUIRE T1CC0L
   \   000041                REQUIRE T1CTL
    243          
    244          
    245          /****************************************************\
    246            
    247          
    248          
    249          void InitT3(void)
    250          {     
    251              T3CTL |= 0x08 ;          //开溢出中断     
    252              T3IE = 1;                //开总中断和T3中断
    253              T3CTL |= 0xE0;           //128分频,128/16000000*N=0.5S,N=62500
    254              T3CTL &= ~0x03;          //自动重装 00－>0xff  62500/255=245(次)
    255              T3CTL |= 0x10;           //启动
    256              EA = 1;                  //开总中断
    257          }
    258          #pragma vector = T3_VECTOR 
    259          __interrupt void T3_ISR(void) 
    260          { 
    261              IRCON = 0x00;            //清中断标志, 也可由硬件自动完成 
    262          //    if(count++ > 5)        //245次中断后LED取反，闪烁一轮（约为0.5 秒时间） 
    263          //    {                        //经过示波器测量确保精确
    264          //        count = 0;
    265          	if(key2_flag ==0)
    266          		key2_flag = 1;
    267          	else
    268          	 	key2_flag = 0;//计数清零          //改变LED1的状态
    269          //    } 
    270          }
    271          
    272          
    273          \***************************************************/
    274          

   \                                 In  segment BANKED_CODE, align 1, keep-with-next
    275          void beep0(void)
   \                     beep0:
    276          {
   \   000000                ; Saved register size: 0
   \   000000                ; Auto size: 0
    277              T1CC0H = 0x00;           //1ms的周期时钟,频率为976.516HZ
   \   000000   75DB00       MOV     0xdb,#0x0
    278              T1CC0L = 0x00; 
   \   000003   75DA00       MOV     0xda,#0x0
    279          }
   \   000006   02....       LJMP    ?BRET
   \   000009                REQUIRE T1CC0H
   \   000009                REQUIRE T1CC0L

   \                                 In  segment BANKED_CODE, align 1, keep-with-next
    280          void beep1(void)
   \                     beep1:
    281          {
   \   000000                ; Saved register size: 0
   \   000000                ; Auto size: 0
    282              T1CC0H = 0x00;           //1ms的周期时钟,频率为976.516HZ
   \   000000   75DB00       MOV     0xdb,#0x0
    283              T1CC0L = 0xff; 
   \   000003                REQUIRE ?Subroutine0
   \   000003                REQUIRE T1CC0H
   \   000003                REQUIRE T1CC0L
   \   000003                ; // Fall through to label ?Subroutine0
    284              
    285          }

   \                                 In  segment BANKED_CODE, align 1, keep-with-next
   \                     ?Subroutine0:
   \   000000   75DAFF       MOV     0xda,#-0x1
   \   000003   02....       LJMP    ?BRET

   \                                 In  segment BANKED_CODE, align 1, keep-with-next
    286          void beep2(void)
   \                     beep2:
    287          {
   \   000000                ; Saved register size: 0
   \   000000                ; Auto size: 0
    288              T1CC0H = 0x01;           //1ms的周期时钟,频率为976.516HZ
   \   000000   75DB01       MOV     0xdb,#0x1
    289              T1CC0L = 0xff;
   \   000003   80..         SJMP    ?Subroutine0
   \   000005                REQUIRE T1CC0H
   \   000005                REQUIRE T1CC0L
    290          }
    291          
    292          
    293          

   \                                 In  segment BANKED_CODE, align 1, keep-with-next
    294          void SampleApp_Init( uint8 task_id )
   \                     SampleApp_Init:
    295          { 
   \   000000   74F5         MOV     A,#-0xb
   \   000002   12....       LCALL   ?BANKED_ENTER_XDATA
   \   000005                ; Saved register size: 11
   \   000005                ; Auto size: 0
   \   000005   E9           MOV     A,R1
    296            SampleApp_TaskID = task_id;   //osal分配的任务ID随着用户添加任务的增多而改变
   \   000006   90....       MOV     DPTR,#SampleApp_TaskID
   \   000009   F0           MOVX    @DPTR,A
    297            SampleApp_NwkState = DEV_INIT;//设备状态设定为ZDO层中定义的初始化状态
   \   00000A   90....       MOV     DPTR,#SampleApp_NwkState
   \   00000D   7401         MOV     A,#0x1
   \   00000F   F0           MOVX    @DPTR,A
    298            SampleApp_TransID = 0;        //消息发送ID（多消息时有顺序之分）
   \   000010   90....       MOV     DPTR,#SampleApp_TransID
   \   000013   E4           CLR     A
   \   000014   F0           MOVX    @DPTR,A
    299            
    300            // Device hardware initialization can be added here or in main() (Zmain.c).
    301            // If the hardware is application specific - add it here.
    302            // If the hardware is other parts of the device add it in main().
    303          
    304           #if defined ( BUILD_ALL_DEVICES )
    305            // The "Demo" target is setup to have BUILD_ALL_DEVICES and HOLD_AUTO_START
    306            // We are looking at a jumper (defined in SampleAppHw.c) to be jumpered
    307            // together - if they are - we will start up a coordinator. Otherwise,
    308            // the device will start as a router.
    309            if ( readCoordinatorJumper() )
    310              zgDeviceLogicalType = ZG_DEVICETYPE_COORDINATOR;
    311            else
    312              zgDeviceLogicalType = ZG_DEVICETYPE_ROUTER;
    313          #endif // BUILD_ALL_DEVICES
    314          
    315          //该段的意思是，如果设置了HOLD_AUTO_START宏定义，将会在启动芯片的时候会暂停启动
    316          //流程，只有外部触发以后才会启动芯片。其实就是需要一个按钮触发它的启动流程。  
    317          #if defined ( HOLD_AUTO_START )
    318            // HOLD_AUTO_START is a compile option that will surpress ZDApp
    319            //  from starting the device and wait for the application to
    320            //  start the device.
    321            ZDOInitDevice(0);
    322          #endif
    323          
    324            // Setup for the periodic message's destination address 设置发送数据的方式和目的地址寻址模式
    325            // Broadcast to everyone 发送模式:广播发送
    326            SampleApp_Periodic_DstAddr.addrMode = (afAddrMode_t)AddrBroadcast;//广播
   \   000015   90....       MOV     DPTR,#SampleApp_Periodic_DstAddr + 8
   \   000018   740F         MOV     A,#0xf
   \   00001A   F0           MOVX    @DPTR,A
    327            SampleApp_Periodic_DstAddr.endPoint = SAMPLEAPP_ENDPOINT; //指定端点号
   \   00001B   A3           INC     DPTR
   \   00001C   7414         MOV     A,#0x14
   \   00001E   F0           MOVX    @DPTR,A
    328            SampleApp_Periodic_DstAddr.addr.shortAddr = 0xFFFF;//指定目的网络地址为广播地址
   \   00001F   90....       MOV     DPTR,#SampleApp_Periodic_DstAddr
   \   000022   74FF         MOV     A,#-0x1
   \   000024   F0           MOVX    @DPTR,A
   \   000025   A3           INC     DPTR
   \   000026   F0           MOVX    @DPTR,A
    329          
    330            // Setup for the flash command's destination address - Group 1 组播发送
    331            SampleApp_Flash_DstAddr.addrMode = (afAddrMode_t)afAddrGroup; //组寻址
   \   000027   90....       MOV     DPTR,#SampleApp_Flash_DstAddr + 8
   \   00002A   7401         MOV     A,#0x1
   \   00002C   F0           MOVX    @DPTR,A
    332            SampleApp_Flash_DstAddr.endPoint = SAMPLEAPP_ENDPOINT; //指定端点号
   \   00002D   A3           INC     DPTR
   \   00002E   7414         MOV     A,#0x14
   \   000030   F0           MOVX    @DPTR,A
    333            SampleApp_Flash_DstAddr.addr.shortAddr = SAMPLEAPP_FLASH_GROUP;//组号0x0001
   \   000031   90....       MOV     DPTR,#SampleApp_Flash_DstAddr
   \   000034   7401         MOV     A,#0x1
   \   000036   F0           MOVX    @DPTR,A
   \   000037   A3           INC     DPTR
   \   000038   E4           CLR     A
   \   000039   F0           MOVX    @DPTR,A
    334          
    335            // Fill out the endpoint description. 定义本设备用来通信的APS层端点描述符
    336            SampleApp_epDesc.endPoint = SAMPLEAPP_ENDPOINT; //指定端点号
   \   00003A   90....       MOV     DPTR,#SampleApp_epDesc
   \   00003D   7414         MOV     A,#0x14
   \   00003F   F0           MOVX    @DPTR,A
    337            SampleApp_epDesc.task_id = &SampleApp_TaskID;   //SampleApp 描述符的任务ID
   \   000040   A3           INC     DPTR
   \   000041   74..         MOV     A,#SampleApp_TaskID & 0xff
   \   000043   F0           MOVX    @DPTR,A
   \   000044   A3           INC     DPTR
   \   000045   74..         MOV     A,#(SampleApp_TaskID >> 8) & 0xff
   \   000047   F0           MOVX    @DPTR,A
    338            SampleApp_epDesc.simpleDesc
    339                      = (SimpleDescriptionFormat_t *)&SampleApp_SimpleDesc;//SampleApp简单描述符
   \   000048   A3           INC     DPTR
   \   000049   74..         MOV     A,#SampleApp_SimpleDesc & 0xff
   \   00004B   F0           MOVX    @DPTR,A
   \   00004C   A3           INC     DPTR
   \   00004D   74..         MOV     A,#(SampleApp_SimpleDesc >> 8) & 0xff
   \   00004F   F0           MOVX    @DPTR,A
    340            SampleApp_epDesc.latencyReq = noLatencyReqs;    //延时策略
   \   000050   A3           INC     DPTR
   \   000051   E4           CLR     A
   \   000052   F0           MOVX    @DPTR,A
    341          
    342            // Register the endpoint description with the AF
    343            afRegister( &SampleApp_epDesc );    //向AF层登记描述符
   \   000053                ; Setup parameters for call to function afRegister
   \   000053   7A..         MOV     R2,#SampleApp_epDesc & 0xff
   \   000055   7B..         MOV     R3,#(SampleApp_epDesc >> 8) & 0xff
   \   000057   12....       LCALL   ??afRegister?relay
    344          
    345            // Register for all key events - This app will handle all key events
    346            RegisterForKeys( SampleApp_TaskID ); // 登记所有的按键事件
   \   00005A                ; Setup parameters for call to function RegisterForKeys
   \   00005A   90....       MOV     DPTR,#SampleApp_TaskID
   \   00005D   E0           MOVX    A,@DPTR
   \   00005E   F9           MOV     R1,A
   \   00005F   12....       LCALL   ??RegisterForKeys?relay
    347          
    348            // By default, all devices start out in Group 1
    349            SampleApp_Group.ID = 0x0001;//组号
   \   000062   90....       MOV     DPTR,#SampleApp_Group
   \   000065   7401         MOV     A,#0x1
   \   000067   F0           MOVX    @DPTR,A
   \   000068   A3           INC     DPTR
   \   000069   E4           CLR     A
   \   00006A   F0           MOVX    @DPTR,A
    350            osal_memcpy( SampleApp_Group.name, "Group 1", 7  );//设定组名
   \   00006B                ; Setup parameters for call to function osal_memcpy
   \   00006B   75....       MOV     ?V0 + 0,#`?<Constant "Group 1">` & 0xff
   \   00006E   75....       MOV     ?V0 + 1,#(`?<Constant "Group 1">` >> 8) & 0xff
   \   000071   F5..         MOV     ?V0 + 2,A
   \   000073   78..         MOV     R0,#?V0 + 0
   \   000075   12....       LCALL   ?PUSH_XSTACK_I_THREE
   \   000078   7C07         MOV     R4,#0x7
   \   00007A   7D00         MOV     R5,#0x0
   \   00007C   7A..         MOV     R2,#(SampleApp_Group + 2) & 0xff
   \   00007E   7B..         MOV     R3,#((SampleApp_Group + 2) >> 8) & 0xff
   \   000080   12....       LCALL   ??osal_memcpy?relay
   \   000083   7403         MOV     A,#0x3
   \   000085   12....       LCALL   ?DEALLOC_XSTACK8
    351            aps_AddGroup( SAMPLEAPP_ENDPOINT, &SampleApp_Group );//把该组登记添加到APS中
   \   000088                ; Setup parameters for call to function aps_AddGroup
   \   000088   7A..         MOV     R2,#SampleApp_Group & 0xff
   \   00008A   7B..         MOV     R3,#(SampleApp_Group >> 8) & 0xff
   \   00008C   7914         MOV     R1,#0x14
   \   00008E   12....       LCALL   ??aps_AddGroup?relay
    352          
    353          #if defined ( LCD_SUPPORTED )
    354            HalLcdWriteString( "SampleApp", HAL_LCD_LINE_1 ); //如果支持LCD，显示提示信息
   \   000091                ; Setup parameters for call to function HalLcdWriteString
   \   000091   7900         MOV     R1,#0x0
   \   000093   7A..         MOV     R2,#`?<Constant "SampleApp">` & 0xff
   \   000095   7B..         MOV     R3,#(`?<Constant "SampleApp">` >> 8) & 0xff
   \   000097   12....       LCALL   ??HalLcdWriteString?relay
    355          #endif
    356            
    357            
    358            InitT1();
   \   00009A                ; Setup parameters for call to function InitT1
   \   00009A   12....       LCALL   ??InitT1?relay
    359          //  InitT3();
    360            
    361          }
   \   00009D   7F03         MOV     R7,#0x3
   \   00009F   02....       LJMP    ?BANKED_LEAVE_XDATA
    362          
    363          /*********************************************************************
    364           * @fn      SampleApp_ProcessEvent
    365           *
    366           * @brief   Generic Application Task event processor.  This function
    367           *          is called to process all events for the task.  Events
    368           *          include timers, messages and any other user defined events.
    369           *
    370           * @param   task_id  - The OSAL assigned task ID.
    371           * @param   events - events to process.  This is a bit map and can
    372           *                   contain more than one event.
    373           *
    374           * @return  none
    375           */
    376          //用户应用任务的事件处理函数

   \                                 In  segment BANKED_CODE, align 1, keep-with-next
    377          uint16 SampleApp_ProcessEvent( uint8 task_id, uint16 events )
   \                     SampleApp_ProcessEvent:
    378          {
   \   000000   74F4         MOV     A,#-0xc
   \   000002   12....       LCALL   ?BANKED_ENTER_XDATA
   \   000005                ; Saved register size: 12
   \   000005                ; Auto size: 0
   \   000005   EA           MOV     A,R2
   \   000006   FE           MOV     R6,A
   \   000007   EB           MOV     A,R3
   \   000008   FF           MOV     R7,A
    379            afIncomingMSGPacket_t *MSGpkt;
    380            (void)task_id;  // Intentionally unreferenced parameter
    381          
    382            if ( events & SYS_EVENT_MSG ) //接收系统消息再进行判断
   \   000009   5480         ANL     A,#0x80
   \   00000B   606B         JZ      ??SampleApp_ProcessEvent_0
    383            {
    384              //接收属于本应用任务SampleApp的消息，以SampleApp_TaskID标记
    385              MSGpkt = (afIncomingMSGPacket_t *)osal_msg_receive( SampleApp_TaskID );
   \   00000D                ; Setup parameters for call to function osal_msg_receive
   \   00000D   801D         SJMP    ??SampleApp_ProcessEvent_1
    386              while ( MSGpkt )
    387              {
    388                switch ( MSGpkt->hdr.event )
    389                {
    390                  // Received when a key is pressed
    391                  case KEY_CHANGE://按键事件
    392                    SampleApp_HandleKeys( ((keyChange_t *)MSGpkt)->state, ((keyChange_t *)MSGpkt)->keys );
    393                    break;
    394          
    395                  // Received when a messages is received (OTA) for this endpoint
    396                  case AF_INCOMING_MSG_CMD://接收数据事件,调用函数AF_DataRequest()接收数据
    397                    SampleApp_MessageMSGCB( MSGpkt );//调用回调函数对收到的数据进行处理
    398                    break;
    399          
    400                  // Received whenever the device changes state in the network
    401                  case ZDO_STATE_CHANGE:
    402          	  
    403          	  
    404          	  
    405          	  
    406          	  
    407                    //只要网络状态发生改变，就通过ZDO_STATE_CHANGE事件通知所有的任务。
    408                    //同时完成对协调器，路由器，终端的设置
    409                    SampleApp_NwkState = (devStates_t)(MSGpkt->hdr.status);
   \                     ??SampleApp_ProcessEvent_2:
   \   00000F   A3           INC     DPTR
   \   000010   E0           MOVX    A,@DPTR
   \   000011   90....       MOV     DPTR,#SampleApp_NwkState
   \   000014   F0           MOVX    @DPTR,A
    410          	  
    411          	  
    412          	  /**********************************************\
    413          	  
    414          	  
    415                    if ( (SampleApp_NwkState == DEV_ZB_COORD)//实验中协调器只接收数据所以取消发送事件
    416                    if ( (SampleApp_NwkState == DEV_ROUTER) || (SampleApp_NwkState == DEV_END_DEVICE) )
    417                    //{
    418                      // Start sending the periodic message in a regular interval.
    419                      //这个定时器只是为发送周期信息开启的，设备启动初始化后从这里开始
    420                      //触发第一个周期信息的发送，然后周而复始下去
    421          	  
    422          	  
    423          	  \***************************************************/
    424          	  
    425          	  
    426          	  
    427                      osal_start_timerEx( SampleApp_TaskID,
    428                                        SAMPLEAPP_SEND_PERIODIC_MSG_EVT,
    429                                        SAMPLEAPP_SEND_PERIODIC_MSG_TIMEOUT );
   \   000015                ; Setup parameters for call to function osal_start_timerEx
   \   000015   7CF4         MOV     R4,#-0xc
   \   000017   7D01         MOV     R5,#0x1
   \   000019   7A01         MOV     R2,#0x1
   \   00001B   7B00         MOV     R3,#0x0
   \   00001D   90....       MOV     DPTR,#SampleApp_TaskID
   \   000020   E0           MOVX    A,@DPTR
   \   000021   F9           MOV     R1,A
   \   000022   12....       LCALL   ??osal_start_timerEx?relay
    430                    
    431          	    
    432          	    
    433          	    /**********************************************\
    434          	    
    435          	  }  
    436                    else
    437                    {
    438                      // Device is no longer in the network
    439                    }
    440          	    
    441          	    
    442          	    \***************************************************/
    443                    break;
    444          
    445                  default:
    446                    break;
    447                }
    448          
    449                // Release the memory 事件处理完了，释放消息占用的内存
    450                osal_msg_deallocate( (uint8 *)MSGpkt );
   \                     ??SampleApp_ProcessEvent_3:
   \   000025                ; Setup parameters for call to function osal_msg_deallocate
   \   000025   AA..         MOV     R2,?V0 + 0
   \   000027   AB..         MOV     R3,?V0 + 1
   \   000029   12....       LCALL   ??osal_msg_deallocate?relay
    451          
    452                // Next - if one is available 指针指向下一个放在缓冲区的待处理的事件，
    453                //返回while ( MSGpkt )重新处理事件，直到缓冲区没有等待处理事件为止
    454                MSGpkt = (afIncomingMSGPacket_t *)osal_msg_receive( SampleApp_TaskID );
   \   00002C                ; Setup parameters for call to function osal_msg_receive
   \                     ??SampleApp_ProcessEvent_1:
   \   00002C   90....       MOV     DPTR,#SampleApp_TaskID
   \   00002F   E0           MOVX    A,@DPTR
   \   000030   F9           MOV     R1,A
   \   000031   12....       LCALL   ??osal_msg_receive?relay
   \   000034   8A..         MOV     ?V0 + 0,R2
   \   000036   8B..         MOV     ?V0 + 1,R3
   \   000038   E5..         MOV     A,?V0 + 0
   \   00003A   45..         ORL     A,?V0 + 1
   \   00003C   6032         JZ      ??SampleApp_ProcessEvent_4
   \   00003E   85..82       MOV     DPL,?V0 + 0
   \   000041   85..83       MOV     DPH,?V0 + 1
   \   000044   E0           MOVX    A,@DPTR
   \   000045   24E6         ADD     A,#-0x1a
   \   000047   601E         JZ      ??SampleApp_ProcessEvent_5
   \   000049   245A         ADD     A,#0x5a
   \   00004B   6006         JZ      ??SampleApp_ProcessEvent_6
   \   00004D   24EF         ADD     A,#-0x11
   \   00004F   60BE         JZ      ??SampleApp_ProcessEvent_2
   \   000051   80D2         SJMP    ??SampleApp_ProcessEvent_3
   \                     ??SampleApp_ProcessEvent_6:
   \   000053                ; Setup parameters for call to function SampleApp_HandleKeys
   \   000053   A3           INC     DPTR
   \   000054   A3           INC     DPTR
   \   000055   A3           INC     DPTR
   \   000056   E0           MOVX    A,@DPTR
   \   000057   FA           MOV     R2,A
   \   000058   85..82       MOV     DPL,?V0 + 0
   \   00005B   85..83       MOV     DPH,?V0 + 1
   \   00005E   A3           INC     DPTR
   \   00005F   A3           INC     DPTR
   \   000060   E0           MOVX    A,@DPTR
   \   000061   F9           MOV     R1,A
   \   000062   12....       LCALL   ??SampleApp_HandleKeys?relay
   \   000065   80BE         SJMP    ??SampleApp_ProcessEvent_3
   \                     ??SampleApp_ProcessEvent_5:
   \   000067                ; Setup parameters for call to function SampleApp_MessageMSGCB
   \   000067   AA..         MOV     R2,?V0 + 0
   \   000069   AB..         MOV     R3,?V0 + 1
   \   00006B   12....       LCALL   ??SampleApp_MessageMSGCB?relay
   \   00006E   80B5         SJMP    ??SampleApp_ProcessEvent_3
    455              }
    456          
    457              // return unprocessed events 返回未处理的事件
    458              return (events ^ SYS_EVENT_MSG);
   \                     ??SampleApp_ProcessEvent_4:
   \   000070   EE           MOV     A,R6
   \   000071   FA           MOV     R2,A
   \   000072   EF           MOV     A,R7
   \   000073   6480         XRL     A,#0x80
   \                     ??SampleApp_ProcessEvent_7:
   \   000075   FB           MOV     R3,A
   \   000076   802A         SJMP    ??SampleApp_ProcessEvent_8
    459            }
    460          
    461            // Send a message out - This event is generated by a timer
    462            //  (setup in SampleApp_Init()).
    463            if ( events & SAMPLEAPP_SEND_PERIODIC_MSG_EVT )
   \                     ??SampleApp_ProcessEvent_0:
   \   000078   EE           MOV     A,R6
   \   000079   A2E0         MOV     C,0xE0 /* A   */.0
   \   00007B   5021         JNC     ??SampleApp_ProcessEvent_9
    464            {
    465              // Send the periodic message 处理周期性事件，
    466              //利用SampleApp_SendPeriodicMessage()处理完当前的周期性事件，然后启动定时器
    467              //开启下一个周期性事情，这样一种循环下去，也即是上面说的周期性事件了，
    468              //可以做为传感器定时采集、上传任务
    469              SampleApp_SendPeriodicMessage();
   \   00007D                ; Setup parameters for call to function SampleApp_SendPeriodicMessage
   \   00007D   12....       LCALL   ??SampleApp_SendPeriodicMessage?relay
    470          
    471              // Setup to send message again in normal period (+ a little jitter)
    472              osal_start_timerEx( SampleApp_TaskID, SAMPLEAPP_SEND_PERIODIC_MSG_EVT,
    473                  (SAMPLEAPP_SEND_PERIODIC_MSG_TIMEOUT + (osal_rand() & 0x00FF)) );
   \   000080                ; Setup parameters for call to function osal_rand
   \   000080   12....       LCALL   ??osal_rand?relay
   \   000083                ; Setup parameters for call to function osal_start_timerEx
   \   000083   EA           MOV     A,R2
   \   000084   24F4         ADD     A,#-0xc
   \   000086   FC           MOV     R4,A
   \   000087   E4           CLR     A
   \   000088   3401         ADDC    A,#0x1
   \   00008A   FD           MOV     R5,A
   \   00008B   7A01         MOV     R2,#0x1
   \   00008D   7B00         MOV     R3,#0x0
   \   00008F   90....       MOV     DPTR,#SampleApp_TaskID
   \   000092   E0           MOVX    A,@DPTR
   \   000093   F9           MOV     R1,A
   \   000094   12....       LCALL   ??osal_start_timerEx?relay
    474          
    475              // return unprocessed events 返回未处理的事件
    476              return (events ^ SAMPLEAPP_SEND_PERIODIC_MSG_EVT);
   \   000097   EE           MOV     A,R6
   \   000098   6401         XRL     A,#0x1
   \   00009A   FA           MOV     R2,A
   \   00009B   EF           MOV     A,R7
   \   00009C   80D7         SJMP    ??SampleApp_ProcessEvent_7
    477            }
    478          
    479            // Discard unknown events
    480            return 0;
   \                     ??SampleApp_ProcessEvent_9:
   \   00009E   7A00         MOV     R2,#0x0
   \   0000A0   7B00         MOV     R3,#0x0
   \                     ??SampleApp_ProcessEvent_8:
   \   0000A2   7F04         MOV     R7,#0x4
   \   0000A4   02....       LJMP    ?BANKED_LEAVE_XDATA
    481          }
    482          
    483          /*********************************************************************
    484           * Event Generation Functions
    485           */
    486          /*********************************************************************
    487           * @fn      SampleApp_HandleKeys
    488           *
    489           * @brief   Handles all key events for this device.
    490           *
    491           * @param   shift - true if in shift/alt.
    492           * @param   keys - bit field for key events. Valid entries:
    493           *                 HAL_KEY_SW_2
    494           *                 HAL_KEY_SW_1
    495           *
    496           * @return  none
    497           */

   \                                 In  segment BANKED_CODE, align 1, keep-with-next
    498          void SampleApp_HandleKeys( uint8 shift, uint8 keys ) //此实验没有用到，后面再分析
   \                     SampleApp_HandleKeys:
    499          {
   \   000000   74F7         MOV     A,#-0x9
   \   000002   12....       LCALL   ?BANKED_ENTER_XDATA
   \   000005                ; Saved register size: 9
   \   000005                ; Auto size: 0
   \   000005   EA           MOV     A,R2
   \   000006   FE           MOV     R6,A
    500            (void)shift;  // Intentionally unreferenced parameter
    501            
    502            if ( keys & HAL_KEY_SW_1 )//key2
   \   000007   A2E0         MOV     C,0xE0 /* A   */.0
   \   000009   500B         JNC     ??SampleApp_HandleKeys_0
    503            {
    504              
    505              		
    506          		SampleApp_SendFlashMessage( SAMPLEAPP_FLASH_DURATION, 2);
   \   00000B                ; Setup parameters for call to function SampleApp_SendFlashMessage
   \   00000B   7C02         MOV     R4,#0x2
   \   00000D   7D00         MOV     R5,#0x0
   \   00000F   7AE8         MOV     R2,#-0x18
   \   000011   7B03         MOV     R3,#0x3
   \   000013   12....       LCALL   ??SampleApp_SendFlashMessage?relay
    507          	  	
    508              
    509              //SampleApp_SendFlashMessage( SAMPLEAPP_FLASH_DURATION );
    510              
    511              
    512              /* This key sends the Flash Command is sent to Group 1.
    513               * This device will not receive the Flash Command from this
    514               * device (even if it belongs to group 1).
    515               */
    516              
    517          	
    518              
    519            }
    520          
    521            if ( keys & HAL_KEY_SW_6 )//key1
   \                     ??SampleApp_HandleKeys_0:
   \   000016   EE           MOV     A,R6
   \   000017   A2E5         MOV     C,0xE0 /* A   */.5
   \   000019   500B         JNC     ??SampleApp_HandleKeys_1
    522            {
    523              
    524              
    525          //    	#if defined(ZDO_COORDINATOR) //协调器收到"D1"后,返回"D1"给终端，让终端Led1也闪烁
    526              
    527              
    528              	/**********************************************\
    529              		
    530              		if(key_flag == 0)
    531          		{
    532          		 InitT1();
    533          		 flag = 1;
    534          		}
    535          		else
    536          		{
    537          		  InitT11();
    538          		  flag = 0;
    539          		}
    540              \***************************************************/
    541          			
    542          //	#else
    543          		
    544          		SampleApp_SendFlashMessage( SAMPLEAPP_FLASH_DURATION, 1);
   \   00001B                ; Setup parameters for call to function SampleApp_SendFlashMessage
   \   00001B   7C01         MOV     R4,#0x1
   \   00001D   7D00         MOV     R5,#0x0
   \   00001F   7AE8         MOV     R2,#-0x18
   \   000021   7B03         MOV     R3,#0x3
   \   000023   12....       LCALL   ??SampleApp_SendFlashMessage?relay
    545          	  	
    546          //	#endif
    547              
    548              
    549              
    550              /* The Flashr Command is sent to Group 1.
    551               * This key toggles this device in and out of group 1.
    552               * If this device doesn't belong to group 1, this application
    553               * will not receive the Flash command sent to group 1.
    554               */
    555              
    556              
    557              /***************************************************************\
    558                
    559              aps_Group_t *grp;
    560              grp = aps_FindGroup( SAMPLEAPP_ENDPOINT, SAMPLEAPP_FLASH_GROUP );
    561              if ( grp )
    562              {
    563                // Remove from the group
    564                aps_RemoveGroup( SAMPLEAPP_ENDPOINT, SAMPLEAPP_FLASH_GROUP );
    565              }
    566              else
    567              {
    568                // Add to the flash group
    569                aps_AddGroup( SAMPLEAPP_ENDPOINT, &SampleApp_Group );
    570              }
    571              \****************************************************************/
    572              
    573            }
    574          }
   \                     ??SampleApp_HandleKeys_1:
   \   000026   7F01         MOV     R7,#0x1
   \   000028   02....       LJMP    ?BANKED_LEAVE_XDATA
    575          
    576          /*********************************************************************
    577           * LOCAL FUNCTIONS
    578           */
    579          
    580          /*********************************************************************
    581           * @fn      SampleApp_MessageMSGCB
    582           *
    583           * @brief   Data message processor callback.  This function processes
    584           *          any incoming data - probably from other devices.  So, based
    585           *          on cluster ID, perform the intended action.
    586           *
    587           * @param   none
    588           *
    589           * @return  none
    590           */
    591          //接收数据，参数为接收到的数据

   \                                 In  segment BANKED_CODE, align 1, keep-with-next
    592          void SampleApp_MessageMSGCB( afIncomingMSGPacket_t *pkt )
   \                     SampleApp_MessageMSGCB:
    593          {
   \   000000   74F1         MOV     A,#-0xf
   \   000002   12....       LCALL   ?BANKED_ENTER_XDATA
   \   000005                ; Saved register size: 15
   \   000005                ; Auto size: 3
   \   000005   74FD         MOV     A,#-0x3
   \   000007   12....       LCALL   ?ALLOC_XSTACK8
   \   00000A   8A..         MOV     ?V0 + 0,R2
   \   00000C   8B..         MOV     ?V0 + 1,R3
    594          //  uint16 flashTime;
    595            byte buf[3]; 
    596          
    597            switch ( pkt->clusterId ) //判断簇ID
   \   00000E   8A82         MOV     DPL,R2
   \   000010   8B83         MOV     DPH,R3
   \   000012   A3           INC     DPTR
   \   000013   A3           INC     DPTR
   \   000014   A3           INC     DPTR
   \   000015   A3           INC     DPTR
   \   000016   E0           MOVX    A,@DPTR
   \   000017   F5..         MOV     ?V0 + 2,A
   \   000019   A3           INC     DPTR
   \   00001A   E0           MOVX    A,@DPTR
   \   00001B   F5..         MOV     ?V0 + 3,A
   \   00001D   78..         MOV     R0,#?V0 + 2
   \   00001F   12....       LCALL   ?US_SWITCH_DENSE
   \                     `?<Jumptable for SampleApp_MessageMSGCB>_0`:
   \   000022   0100         DW        1
   \   000024   01           DB        1
   \   000025   ....         DW        ??SampleApp_MessageMSGCB_0
   \   000027   ....         DW        ??SampleApp_MessageMSGCB_1
   \   000029   ....         DW        ??SampleApp_MessageMSGCB_2
    598            {
    599              case SAMPLEAPP_PERIODIC_CLUSTERID: //收到广播数据
    600                osal_memset(buf, 0 , 3);
   \                     ??SampleApp_MessageMSGCB_1:
   \   00002B                ; Setup parameters for call to function osal_memset
   \   00002B   7C03         MOV     R4,#0x3
   \   00002D   7D00         MOV     R5,#0x0
   \   00002F   7900         MOV     R1,#0x0
   \   000031   85..82       MOV     DPL,?XSP + 0
   \   000034   85..83       MOV     DPH,?XSP + 1
   \   000037   AA82         MOV     R2,DPL
   \   000039   AB83         MOV     R3,DPH
   \   00003B   12....       LCALL   ??osal_memset?relay
    601                osal_memcpy(buf, pkt->cmd.Data, 2); //复制数据到缓冲区中
   \   00003E                ; Setup parameters for call to function osal_memcpy
   \   00003E   E5..         MOV     A,?V0 + 0
   \   000040   2422         ADD     A,#0x22
   \   000042   F582         MOV     DPL,A
   \   000044   E5..         MOV     A,?V0 + 1
   \   000046   3400         ADDC    A,#0x0
   \   000048   F583         MOV     DPH,A
   \   00004A   E0           MOVX    A,@DPTR
   \   00004B   F5..         MOV     ?V0 + 4,A
   \   00004D   A3           INC     DPTR
   \   00004E   E0           MOVX    A,@DPTR
   \   00004F   F5..         MOV     ?V0 + 5,A
   \   000051   75..00       MOV     ?V0 + 6,#0x0
   \   000054   78..         MOV     R0,#?V0 + 4
   \   000056   12....       LCALL   ?PUSH_XSTACK_I_THREE
   \   000059   7C02         MOV     R4,#0x2
   \   00005B   7D00         MOV     R5,#0x0
   \   00005D   7403         MOV     A,#0x3
   \   00005F   12....       LCALL   ?XSTACK_DISP0_8
   \   000062   AA82         MOV     R2,DPL
   \   000064   AB83         MOV     R3,DPH
   \   000066   12....       LCALL   ??osal_memcpy?relay
   \   000069   7403         MOV     A,#0x3
   \   00006B   12....       LCALL   ?DEALLOC_XSTACK8
    602                
    603                if(buf[0]=='D' && buf[1]=='1')      //判断收到的数据是否为"D1"         
   \   00006E   85..82       MOV     DPL,?XSP + 0
   \   000071   85..83       MOV     DPH,?XSP + 1
   \   000074   E0           MOVX    A,@DPTR
   \   000075   6444         XRL     A,#0x44
   \   000077   6003         JZ      $+5
   \   000079   02....       LJMP    ??SampleApp_MessageMSGCB_3 & 0xFFFF
   \   00007C   7401         MOV     A,#0x1
   \   00007E   12....       LCALL   ?XSTACK_DISP0_8
   \   000081   E0           MOVX    A,@DPTR
   \   000082   6431         XRL     A,#0x31
   \   000084   6003         JZ      $+5
   \   000086   02....       LJMP    ??SampleApp_MessageMSGCB_3 & 0xFFFF
    604                {
    605          	
    606          	HalLcdWriteValue ( abs(pkt->rssi), 10, 6);
   \   000089                ; Setup parameters for call to function HalLcdWriteValue
   \   000089   75..06       MOV     ?V0 + 2,#0x6
   \   00008C   78..         MOV     R0,#?V0 + 2
   \   00008E   12....       LCALL   ?PUSH_XSTACK_I_ONE
   \   000091                ; Setup parameters for call to function abs
   \   000091   12....       LCALL   ?Subroutine3 & 0xFFFF
   \                     ??CrossCallReturnLabel_0:
   \   000094   FA           MOV     R2,A
   \   000095   33           RLC     A
   \   000096   95E0         SUBB    A,0xE0 /* A   */
   \   000098   FB           MOV     R3,A
   \   000099   12....       LCALL   ??abs?relay
   \   00009C   EB           MOV     A,R3
   \   00009D   33           RLC     A
   \   00009E   95E0         SUBB    A,0xE0 /* A   */
   \   0000A0   FC           MOV     R4,A
   \   0000A1   FD           MOV     R5,A
   \   0000A2   740A         MOV     A,#0xa
   \   0000A4   F9           MOV     R1,A
   \   0000A5   12....       LCALL   ??HalLcdWriteValue?relay
   \   0000A8   7401         MOV     A,#0x1
   \   0000AA   12....       LCALL   ?DEALLOC_XSTACK8
    607          	HalLcdWriteValue ( main_flag, 10, 5);
   \   0000AD                ; Setup parameters for call to function HalLcdWriteValue
   \   0000AD   75..05       MOV     ?V0 + 2,#0x5
   \   0000B0   78..         MOV     R0,#?V0 + 2
   \   0000B2   12....       LCALL   ?PUSH_XSTACK_I_ONE
   \   0000B5   790A         MOV     R1,#0xa
   \   0000B7   90....       MOV     DPTR,#main_flag
   \   0000BA   E0           MOVX    A,@DPTR
   \   0000BB   FA           MOV     R2,A
   \   0000BC   A3           INC     DPTR
   \   0000BD   E0           MOVX    A,@DPTR
   \   0000BE   FB           MOV     R3,A
   \   0000BF   33           RLC     A
   \   0000C0   95E0         SUBB    A,0xE0 /* A   */
   \   0000C2   FC           MOV     R4,A
   \   0000C3   FD           MOV     R5,A
   \   0000C4   12....       LCALL   ??HalLcdWriteValue?relay
   \   0000C7   7401         MOV     A,#0x1
   \   0000C9   12....       LCALL   ?DEALLOC_XSTACK8
    608          	if(main_flag == 0)                	//主动寻物模式
   \   0000CC   12....       LCALL   ?Subroutine2 & 0xFFFF
   \                     ??CrossCallReturnLabel_3:
   \   0000CF   7009         JNZ     ??SampleApp_MessageMSGCB_4
    609          	{
    610          	  	beep0();
   \                     ??SampleApp_MessageMSGCB_5:
   \   0000D1   75DB00       MOV     0xdb,#0x0
   \   0000D4   75DA00       MOV     0xda,#0x0
    611          	}
   \   0000D7   02....       LJMP    ??SampleApp_MessageMSGCB_0 & 0xFFFF
    612          	else if(main_flag == 1)
   \                     ??SampleApp_MessageMSGCB_4:
   \   0000DA   90....       MOV     DPTR,#main_flag
   \   0000DD   E0           MOVX    A,@DPTR
   \   0000DE   6401         XRL     A,#0x1
   \   0000E0   7002         JNZ     ??SampleApp_MessageMSGCB_6
   \   0000E2   A3           INC     DPTR
   \   0000E3   E0           MOVX    A,@DPTR
   \                     ??SampleApp_MessageMSGCB_6:
   \   0000E4   7022         JNZ     ??SampleApp_MessageMSGCB_7
    613          	{
    614          	  	if(pkt->rssi < -60)
   \   0000E6   12....       LCALL   ?Subroutine3 & 0xFFFF
   \                     ??CrossCallReturnLabel_1:
   \   0000E9   C3           CLR     C
   \   0000EA   94C4         SUBB    A,#-0x3c
   \   0000EC   A2D2         MOV     C,0xD0 /* PSW */.2
   \   0000EE   65D0         XRL     A,PSW
   \   0000F0   33           RLC     A
   \   0000F1   5008         JNC     ??SampleApp_MessageMSGCB_8
    615          		{
    616          		  	beep1();
   \   0000F3   75DB00       MOV     0xdb,#0x0
   \   0000F6   75DAFF       MOV     0xda,#-0x1
    617          		}
   \   0000F9   8078         SJMP    ??SampleApp_MessageMSGCB_0
    618          		else if(pkt->rssi > -50)
   \                     ??SampleApp_MessageMSGCB_8:
   \   0000FB   E0           MOVX    A,@DPTR
   \   0000FC   C3           CLR     C
   \   0000FD   94CF         SUBB    A,#-0x31
   \   0000FF   A2D2         MOV     C,0xD0 /* PSW */.2
   \   000101   65D0         XRL     A,PSW
   \   000103   33           RLC     A
   \   000104   406D         JC      ??SampleApp_MessageMSGCB_0
   \   000106   80C9         SJMP    ??SampleApp_MessageMSGCB_5
    619          		{
    620          		  	beep0();
    621          		}
    622          	}
    623          	else
    624          	{
    625          	  	if(beep_flag == 0)	//每0.5秒接收到一次广播信息，如果主动寻物开启，则接收到一次消息就改变一次状态
   \                     ??SampleApp_MessageMSGCB_7:
   \   000108   90....       MOV     DPTR,#beep_flag
   \   00010B   12....       LCALL   ??Subroutine4_0 & 0xFFFF
   \                     ??CrossCallReturnLabel_2:
   \   00010E   75DB00       MOV     0xdb,#0x0
   \   000111   700D         JNZ     ??SampleApp_MessageMSGCB_9
    626          		{
    627          			beep1();
   \   000113   75DAFF       MOV     0xda,#-0x1
    628          			beep_flag = 1;
   \   000116   90....       MOV     DPTR,#beep_flag
   \                     ??SampleApp_MessageMSGCB_10:
   \   000119   7401         MOV     A,#0x1
   \                     ??SampleApp_MessageMSGCB_11:
   \   00011B   F0           MOVX    @DPTR,A
   \   00011C   A3           INC     DPTR
   \   00011D   E4           CLR     A
   \   00011E   8052         SJMP    ??SampleApp_MessageMSGCB_12
    629          		}
    630          		else
    631          		{
    632          			beep0();
   \                     ??SampleApp_MessageMSGCB_9:
   \   000120   75DA00       MOV     0xda,#0x0
    633          			beep_flag = 0;
   \   000123   90....       MOV     DPTR,#beep_flag
   \   000126   8047         SJMP    ??SampleApp_MessageMSGCB_13
    634          		}
    635          	}
    636          	  
    637          	  
    638                }
    639                else
    640                {
    641                    HalLedSet(HAL_LED_1, HAL_LED_MODE_ON);                   
   \                     ??SampleApp_MessageMSGCB_3:
   \   000128                ; Setup parameters for call to function HalLedSet
   \   000128   7A01         MOV     R2,#0x1
   \   00012A   7901         MOV     R1,#0x1
   \   00012C   12....       LCALL   ??HalLedSet?relay
   \   00012F   8042         SJMP    ??SampleApp_MessageMSGCB_0
    642                }
    643                break;
    644          
    645              case SAMPLEAPP_FLASH_CLUSTERID: //收到组播数据
    646                
    647                
    648                if(pkt->cmd.Data[3] == 1)
   \                     ??SampleApp_MessageMSGCB_2:
   \   000131   EA           MOV     A,R2
   \   000132   2422         ADD     A,#0x22
   \   000134   F582         MOV     DPL,A
   \   000136   EB           MOV     A,R3
   \   000137   3400         ADDC    A,#0x0
   \   000139   F583         MOV     DPH,A
   \   00013B   E0           MOVX    A,@DPTR
   \   00013C   F8           MOV     R0,A
   \   00013D   A3           INC     DPTR
   \   00013E   E0           MOVX    A,@DPTR
   \   00013F   F583         MOV     DPH,A
   \   000141   8882         MOV     DPL,R0
   \   000143   A3           INC     DPTR
   \   000144   A3           INC     DPTR
   \   000145   A3           INC     DPTR
   \   000146   E0           MOVX    A,@DPTR
   \   000147   6401         XRL     A,#0x1
   \   000149   7028         JNZ     ??SampleApp_MessageMSGCB_0
    649                {
    650          	if(main_flag == 0)
   \   00014B   12....       LCALL   ?Subroutine2 & 0xFFFF
   \                     ??CrossCallReturnLabel_4:
   \   00014E   90....       MOV     DPTR,#main_flag
   \   000151   60C6         JZ      ??SampleApp_MessageMSGCB_10
    651          	{
    652          	  main_flag = 1;
    653          	}
    654          	else if(main_flag == 1)
   \   000153   E0           MOVX    A,@DPTR
   \   000154   6401         XRL     A,#0x1
   \   000156   7002         JNZ     ??SampleApp_MessageMSGCB_14
   \   000158   A3           INC     DPTR
   \   000159   E0           MOVX    A,@DPTR
   \                     ??SampleApp_MessageMSGCB_14:
   \   00015A   90....       MOV     DPTR,#main_flag
   \   00015D   7004         JNZ     ??SampleApp_MessageMSGCB_15
    655          	{
    656          	  main_flag = 2;
   \   00015F   7402         MOV     A,#0x2
   \   000161   80B8         SJMP    ??SampleApp_MessageMSGCB_11
    657          	}
    658          	else if(main_flag == 2)
   \                     ??SampleApp_MessageMSGCB_15:
   \   000163   E0           MOVX    A,@DPTR
   \   000164   6402         XRL     A,#0x2
   \   000166   7002         JNZ     ??SampleApp_MessageMSGCB_16
   \   000168   A3           INC     DPTR
   \   000169   E0           MOVX    A,@DPTR
   \                     ??SampleApp_MessageMSGCB_16:
   \   00016A   7007         JNZ     ??SampleApp_MessageMSGCB_0
    659          	{
    660          	  main_flag = 0;
   \   00016C   90....       MOV     DPTR,#main_flag
   \                     ??SampleApp_MessageMSGCB_13:
   \   00016F   E4           CLR     A
   \   000170   F0           MOVX    @DPTR,A
   \   000171   A3           INC     DPTR
   \                     ??SampleApp_MessageMSGCB_12:
   \   000172   F0           MOVX    @DPTR,A
    661          	}
    662          	
    663                }
    664                
    665                
    666                
    667                
    668          //      flashTime = BUILD_UINT16(pkt->cmd.Data[1], pkt->cmd.Data[2] );
    669          //      HalLedBlink( HAL_LED_4, 4, 50, (flashTime / 4) );
    670                break;
    671            }
    672          }
   \                     ??SampleApp_MessageMSGCB_0:
   \   000173   7403         MOV     A,#0x3
   \   000175   12....       LCALL   ?DEALLOC_XSTACK8
   \   000178   7F07         MOV     R7,#0x7
   \   00017A   02....       LJMP    ?BANKED_LEAVE_XDATA
   \   00017D                REQUIRE T1CC0H
   \   00017D                REQUIRE T1CC0L

   \                                 In  segment BANKED_CODE, align 1, keep-with-next
   \                     ?Subroutine3:
   \   000000   E5..         MOV     A,?V0 + 0
   \   000002   2418         ADD     A,#0x18
   \   000004   F582         MOV     DPL,A
   \   000006   E5..         MOV     A,?V0 + 1
   \   000008   3400         ADDC    A,#0x0
   \   00000A   F583         MOV     DPH,A
   \   00000C   E0           MOVX    A,@DPTR
   \   00000D   22           RET

   \                                 In  segment BANKED_CODE, align 1, keep-with-next
   \                     ?Subroutine2:
   \   000000   90....       MOV     DPTR,#main_flag
   \   000003                REQUIRE ??Subroutine4_0
   \   000003                ; // Fall through to label ??Subroutine4_0

   \                                 In  segment BANKED_CODE, align 1, keep-with-next
   \                     ??Subroutine4_0:
   \   000000   E0           MOVX    A,@DPTR
   \   000001   F8           MOV     R0,A
   \   000002   A3           INC     DPTR
   \   000003   E0           MOVX    A,@DPTR
   \   000004   F9           MOV     R1,A
   \   000005   E8           MOV     A,R0
   \   000006   49           ORL     A,R1
   \   000007   22           RET
    673          
    674          /*********************************************************************
    675           * @fn      SampleApp_SendPeriodicMessage
    676           *
    677           * @brief   Send the periodic message.
    678           *
    679           * @param   none
    680           *
    681           * @return  none
    682           */
    683          //分析发送周期信息

   \                                 In  segment BANKED_CODE, align 1, keep-with-next
    684          void SampleApp_SendPeriodicMessage( void )
   \                     SampleApp_SendPeriodicMessage:
    685          {
   \   000000   74F6         MOV     A,#-0xa
   \   000002   12....       LCALL   ?BANKED_ENTER_XDATA
   \   000005                ; Saved register size: 10
   \   000005                ; Auto size: 3
   \   000005   74FD         MOV     A,#-0x3
   \   000007   12....       LCALL   ?ALLOC_XSTACK8
    686            byte SendData[3]="D1";
   \   00000A   85..82       MOV     DPL,?XSP + 0
   \   00000D   85..83       MOV     DPH,?XSP + 1
   \   000010   AC82         MOV     R4,DPL
   \   000012   AD83         MOV     R5,DPH
   \   000014   7583..       MOV     DPH,#(`?<Constant "D1">` >> 8) & 0xff
   \   000017   7582..       MOV     DPL,#`?<Constant "D1">` & 0xff
   \   00001A   7403         MOV     A,#0x3
   \   00001C   12....       LCALL   ?MOVE_LONG8_XDATA_XDATA
    687          
    688            // 调用AF_DataRequest将数据无线广播出去
    689            if( AF_DataRequest( &SampleApp_Periodic_DstAddr,//发送目的地址＋端点地址和传送模式
    690                                 &SampleApp_epDesc,//源(答复或确认)终端的描述（比如操作系统中任务ID等）源EP
    691                                 SAMPLEAPP_PERIODIC_CLUSTERID, //被Profile指定的有效的集群号
    692                                 2,       // 发送数据长度
    693                                 SendData,// 发送数据缓冲区
    694                                 &SampleApp_TransID,     // 任务ID号
    695                                 AF_DISCV_ROUTE,      // 有效位掩码的发送选项
    696                                 AF_DEFAULT_RADIUS ) == afStatus_SUCCESS )  //传送跳数，通常设置为AF_DEFAULT_RADIUS
   \   00001F                ; Setup parameters for call to function AF_DataRequest
   \   00001F   75..1E       MOV     ?V0 + 0,#0x1e
   \   000022   78..         MOV     R0,#?V0 + 0
   \   000024   12....       LCALL   ?PUSH_XSTACK_I_ONE
   \   000027   75....       MOV     ?V0 + 0,#SampleApp_TransID & 0xff
   \   00002A   75....       MOV     ?V0 + 1,#(SampleApp_TransID >> 8) & 0xff
   \   00002D   78..         MOV     R0,#?V0 + 0
   \   00002F   12....       LCALL   ?PUSH_XSTACK_I_TWO
   \   000032   7403         MOV     A,#0x3
   \   000034   12....       LCALL   ?XSTACK_DISP0_8
   \   000037   8582..       MOV     ?V0 + 0,DPL
   \   00003A   8583..       MOV     ?V0 + 1,DPH
   \   00003D   78..         MOV     R0,#?V0 + 0
   \   00003F   12....       LCALL   ?PUSH_XSTACK_I_TWO
   \   000042   75..02       MOV     ?V0 + 0,#0x2
   \   000045   75..00       MOV     ?V0 + 1,#0x0
   \   000048   78..         MOV     R0,#?V0 + 0
   \   00004A   12....       LCALL   ?PUSH_XSTACK_I_TWO
   \   00004D   75..01       MOV     ?V0 + 0,#0x1
   \   000050   78..         MOV     R0,#?V0 + 0
   \   000052   12....       LCALL   ?PUSH_XSTACK_I_TWO
   \   000055   7920         MOV     R1,#0x20
   \   000057   7C..         MOV     R4,#SampleApp_epDesc & 0xff
   \   000059   7D..         MOV     R5,#(SampleApp_epDesc >> 8) & 0xff
   \   00005B   7A..         MOV     R2,#SampleApp_Periodic_DstAddr & 0xff
   \   00005D   7B..         MOV     R3,#(SampleApp_Periodic_DstAddr >> 8) & 0xff
   \   00005F   12....       LCALL   ??AF_DataRequest?relay
   \   000062   7409         MOV     A,#0x9
   \   000064   12....       LCALL   ?DEALLOC_XSTACK8
   \   000067   E9           MOV     A,R1
   \   000068   6007         JZ      ??SampleApp_SendPeriodicMessage_0
    697            {
    698            }
    699            else
    700            {
    701              HalLedSet(HAL_LED_1, HAL_LED_MODE_ON);
   \   00006A                ; Setup parameters for call to function HalLedSet
   \   00006A   7A01         MOV     R2,#0x1
   \   00006C   7901         MOV     R1,#0x1
   \   00006E   12....       LCALL   ??HalLedSet?relay
    702              // Error occurred in request to send.
    703            }
    704          }
   \                     ??SampleApp_SendPeriodicMessage_0:
   \   000071   7403         MOV     A,#0x3
   \   000073                REQUIRE ?Subroutine1
   \   000073                ; // Fall through to label ?Subroutine1

   \                                 In  segment BANKED_CODE, align 1, keep-with-next
   \                     ?Subroutine1:
   \   000000   12....       LCALL   ?DEALLOC_XSTACK8
   \   000003   7F02         MOV     R7,#0x2
   \   000005   02....       LJMP    ?BANKED_LEAVE_XDATA
    705          
    706          /*********************************************************************
    707           * @fn      SampleApp_SendFlashMessage
    708           *
    709           * @brief   Send the flash message to group 1.
    710           *
    711           * @param   flashTime - in milliseconds
    712           *
    713           * @return  none
    714           */

   \                                 In  segment BANKED_CODE, align 1, keep-with-next
    715          void SampleApp_SendFlashMessage( uint16 flashTime ,uint16 data) //此实验没有用到，后面再分析
   \                     SampleApp_SendFlashMessage:
    716          {
   \   000000   74F6         MOV     A,#-0xa
   \   000002   12....       LCALL   ?BANKED_ENTER_XDATA
   \   000005                ; Saved register size: 10
   \   000005                ; Auto size: 4
   \   000005   74FC         MOV     A,#-0x4
   \   000007   12....       LCALL   ?ALLOC_XSTACK8
    717            uint8 buffer[4];
    718            buffer[0] = (uint8)(SampleAppFlashCounter++);
   \   00000A   90....       MOV     DPTR,#SampleAppFlashCounter
   \   00000D   E0           MOVX    A,@DPTR
   \   00000E   85..82       MOV     DPL,?XSP + 0
   \   000011   85..83       MOV     DPH,?XSP + 1
   \   000014   F0           MOVX    @DPTR,A
   \   000015   90....       MOV     DPTR,#SampleAppFlashCounter
   \   000018   E0           MOVX    A,@DPTR
   \   000019   04           INC     A
   \   00001A   F0           MOVX    @DPTR,A
    719            buffer[1] = LO_UINT16( flashTime );
   \   00001B   7401         MOV     A,#0x1
   \   00001D   12....       LCALL   ?XSTACK_DISP0_8
   \   000020   EA           MOV     A,R2
   \   000021   F0           MOVX    @DPTR,A
    720            buffer[2] = HI_UINT16( flashTime );
   \   000022   7402         MOV     A,#0x2
   \   000024   12....       LCALL   ?XSTACK_DISP0_8
   \   000027   EB           MOV     A,R3
   \   000028   F0           MOVX    @DPTR,A
    721            buffer[3] = data;
   \   000029   7403         MOV     A,#0x3
   \   00002B   12....       LCALL   ?XSTACK_DISP0_8
   \   00002E   EC           MOV     A,R4
   \   00002F   F0           MOVX    @DPTR,A
    722          
    723            if ( AF_DataRequest( &SampleApp_Flash_DstAddr, &SampleApp_epDesc,
    724                                 SAMPLEAPP_FLASH_CLUSTERID,
    725                                 4,
    726                                 buffer,
    727                                 &SampleApp_TransID,
    728                                 AF_DISCV_ROUTE,
    729                                 AF_DEFAULT_RADIUS ) == afStatus_SUCCESS )
   \   000030                ; Setup parameters for call to function AF_DataRequest
   \   000030   75..1E       MOV     ?V0 + 0,#0x1e
   \   000033   78..         MOV     R0,#?V0 + 0
   \   000035   12....       LCALL   ?PUSH_XSTACK_I_ONE
   \   000038   75....       MOV     ?V0 + 0,#SampleApp_TransID & 0xff
   \   00003B   75....       MOV     ?V0 + 1,#(SampleApp_TransID >> 8) & 0xff
   \   00003E   78..         MOV     R0,#?V0 + 0
   \   000040   12....       LCALL   ?PUSH_XSTACK_I_TWO
   \   000043   7403         MOV     A,#0x3
   \   000045   12....       LCALL   ?XSTACK_DISP0_8
   \   000048   8582..       MOV     ?V0 + 0,DPL
   \   00004B   8583..       MOV     ?V0 + 1,DPH
   \   00004E   78..         MOV     R0,#?V0 + 0
   \   000050   12....       LCALL   ?PUSH_XSTACK_I_TWO
   \   000053   75..04       MOV     ?V0 + 0,#0x4
   \   000056   75..00       MOV     ?V0 + 1,#0x0
   \   000059   78..         MOV     R0,#?V0 + 0
   \   00005B   12....       LCALL   ?PUSH_XSTACK_I_TWO
   \   00005E   75..02       MOV     ?V0 + 0,#0x2
   \   000061   78..         MOV     R0,#?V0 + 0
   \   000063   12....       LCALL   ?PUSH_XSTACK_I_TWO
   \   000066   7920         MOV     R1,#0x20
   \   000068   7C..         MOV     R4,#SampleApp_epDesc & 0xff
   \   00006A   7D..         MOV     R5,#(SampleApp_epDesc >> 8) & 0xff
   \   00006C   7A..         MOV     R2,#SampleApp_Flash_DstAddr & 0xff
   \   00006E   7B..         MOV     R3,#(SampleApp_Flash_DstAddr >> 8) & 0xff
   \   000070   12....       LCALL   ??AF_DataRequest?relay
   \   000073   7409         MOV     A,#0x9
   \   000075   12....       LCALL   ?DEALLOC_XSTACK8
    730            {
    731            }
    732            else
    733            {
    734              // Error occurred in request to send.
    735            }
    736          }
   \   000078   7404         MOV     A,#0x4
   \   00007A   02....       LJMP    ?Subroutine1 & 0xFFFF

   \                                 In  segment XDATA_ID, align 1, keep-with-next
   \                     `?<Initializer for AppTitle>`:
   \   000000   414C4432     DB "ALD2530 LED"
   \            35333020
   \            4C454400

   \                                 In  segment XDATA_ID, align 1, keep-with-next
   \                     `?<Initializer for main_flag>`:
   \   000000   0100         DW 1

   \                                 In  segment BANK_RELAYS, align 1
   \                     ??InitT1?relay:
   \   000000   12....       LCALL   ?BDISPATCH
   \   000003   ......       DC24    InitT1

   \                                 In  segment BANK_RELAYS, align 1
   \                     ??beep0?relay:
   \   000000   12....       LCALL   ?BDISPATCH
   \   000003   ......       DC24    beep0

   \                                 In  segment BANK_RELAYS, align 1
   \                     ??beep1?relay:
   \   000000   12....       LCALL   ?BDISPATCH
   \   000003   ......       DC24    beep1

   \                                 In  segment BANK_RELAYS, align 1
   \                     ??beep2?relay:
   \   000000   12....       LCALL   ?BDISPATCH
   \   000003   ......       DC24    beep2

   \                                 In  segment BANK_RELAYS, align 1
   \                     ??SampleApp_Init?relay:
   \   000000   12....       LCALL   ?BDISPATCH
   \   000003   ......       DC24    SampleApp_Init

   \                                 In  segment BANK_RELAYS, align 1
   \                     ??SampleApp_ProcessEvent?relay:
   \   000000   12....       LCALL   ?BDISPATCH
   \   000003   ......       DC24    SampleApp_ProcessEvent

   \                                 In  segment BANK_RELAYS, align 1
   \                     ??SampleApp_HandleKeys?relay:
   \   000000   12....       LCALL   ?BDISPATCH
   \   000003   ......       DC24    SampleApp_HandleKeys

   \                                 In  segment BANK_RELAYS, align 1
   \                     ??SampleApp_MessageMSGCB?relay:
   \   000000   12....       LCALL   ?BDISPATCH
   \   000003   ......       DC24    SampleApp_MessageMSGCB

   \                                 In  segment BANK_RELAYS, align 1
   \                     ??SampleApp_SendPeriodicMessage?relay:
   \   000000   12....       LCALL   ?BDISPATCH
   \   000003   ......       DC24    SampleApp_SendPeriodicMessage

   \                                 In  segment BANK_RELAYS, align 1
   \                     ??SampleApp_SendFlashMessage?relay:
   \   000000   12....       LCALL   ?BDISPATCH
   \   000003   ......       DC24    SampleApp_SendFlashMessage

   \                                 In  segment XDATA_ROM_C, align 1
   \                     `?<Constant "Group 1">`:
   \   000000   47726F75     DB "Group 1"
   \            70203100

   \                                 In  segment XDATA_ROM_C, align 1
   \                     `?<Constant "SampleApp">`:
   \   000000   53616D70     DB "SampleApp"
   \            6C654170
   \            7000    

   \                                 In  segment XDATA_ROM_C, align 1
   \                     `?<Constant "D1">`:
   \   000000   443100       DB "D1"
    737          
    738          /*********************************************************************
    739          *********************************************************************/

   Maximum stack usage in bytes:

     Function                       ISTACK PSTACK XSTACK
     --------                       ------ ------ ------
     InitT1                             2      0     11
     SampleApp_HandleKeys               0      0     21
       -> SampleApp_SendFlashMessage
                                        0      0     18
       -> SampleApp_SendFlashMessage
                                        0      0     18
     SampleApp_Init                     0      0     14
       -> afRegister                    0      0     22
       -> RegisterForKeys               0      0     22
       -> osal_memcpy                   0      0     28
       -> aps_AddGroup                  0      0     22
       -> HalLcdWriteString             0      0     22
       -> InitT1                        0      0     22
     SampleApp_MessageMSGCB             0      0     33
       -> osal_memset                   0      0     36
       -> osal_memcpy                   0      0     42
       -> abs                           0      0     38
       -> HalLcdWriteValue              0      0     38
       -> HalLcdWriteValue              0      0     38
       -> HalLedSet                     0      0     36
     SampleApp_ProcessEvent             0      0     12
       -> osal_msg_receive              0      0     24
       -> osal_start_timerEx            0      0     24
       -> osal_msg_deallocate           0      0     24
       -> osal_msg_receive              0      0     24
       -> SampleApp_HandleKeys          0      0     24
       -> SampleApp_MessageMSGCB        0      0     24
       -> SampleApp_SendPeriodicMessage
                                        0      0     24
       -> osal_rand                     0      0     24
       -> osal_start_timerEx            0      0     24
     SampleApp_SendFlashMessage         1      0     32
       -> AF_DataRequest                0      0     46
     SampleApp_SendPeriodicMessage      2      0     34
       -> AF_DataRequest                0      0     44
       -> HalLedSet                     0      0     26
     beep0                              0      0      0
     beep1                              0      0      0
     beep2                              0      0      0


   Segment part sizes:

     Function/Label                        Bytes
     --------------                        -----
     CLKCONSTA                                1
     CLKCONCMD                                1
     T1CC0L                                   1
     T1CC0H                                   1
     T1CTL                                    1
     PERCFG                                   1
     P0SEL                                    1
     P2SEL                                    1
     P0DIR                                    1
     P2DIR                                    1
     AppTitle                                12
     SampleApp_ClusterList                    4
     SampleApp_SimpleDesc                    12
     SampleApp_epDesc                         6
     SampleApp_TaskID                         1
     SampleApp_NwkState                       1
     SampleApp_TransID                        1
     SampleApp_Periodic_DstAddr              12
     SampleApp_Flash_DstAddr                 12
     SampleApp_Group                         18
     SampleAppPeriodicCounter                 1
     SampleAppFlashCounter                    1
     key_flag                                 2
     key2_flag                                2
     main_flag                                2
     beep_flag                                2
     count                                    2
     InitT1                                  65
     beep0                                    9
     beep1                                    3
     ?Subroutine0                             6
     beep2                                    5
     SampleApp_Init                         162
     SampleApp_ProcessEvent                 167
     SampleApp_HandleKeys                    43
     SampleApp_MessageMSGCB                 381
     ?Subroutine3                            14
     ?Subroutine2                             3
     ??Subroutine4_0                          8
     SampleApp_SendPeriodicMessage          115
     ?Subroutine1                             8
     SampleApp_SendFlashMessage             125
     ?<Initializer for AppTitle>             12
     ?<Initializer for main_flag>             2
     ??InitT1?relay                           6
     ??beep0?relay                            6
     ??beep1?relay                            6
     ??beep2?relay                            6
     ??SampleApp_Init?relay                   6
     ??SampleApp_ProcessEvent?relay           6
     ??SampleApp_HandleKeys?relay             6
     ??SampleApp_MessageMSGCB?relay           6
     ??SampleApp_SendPeriodicMessage?relay    6
     ??SampleApp_SendFlashMessage?relay       6
     ?<Constant "Group 1">                    8
     ?<Constant "SampleApp">                 10
     ?<Constant "D1">                         3

 
 1 114 bytes in segment BANKED_CODE
    60 bytes in segment BANK_RELAYS
    10 bytes in segment SFR_AN
    14 bytes in segment XDATA_I
    14 bytes in segment XDATA_ID
    37 bytes in segment XDATA_ROM_C
    61 bytes in segment XDATA_Z
 
 1 188 bytes of CODE  memory
    37 bytes of CONST memory
     0 bytes of DATA  memory (+ 10 bytes shared)
    75 bytes of XDATA memory

Errors: none
Warnings: none
